[0923/140056.951:WARNING:chrome_browser_cloud_management_controller.cc(87)] Could not create policy manager as CBCM is not enabled.
[0923/140100.221:WARNING:browser_info.cc(309)] Returning a speculative frame for 25769803781 [6,5]
[0923/140100.367:INFO:CONSOLE(0)] "Access to XMLHttpRequest at 'file:///C:/Users/terry/source/repos/BudgetBrowser/WebPages/menu.html' from origin 'null' has been blocked by CORS policy: Cross origin requests are only supported for protocol schemes: http, data, budgetbrowser, chrome-extension, chrome, https, chrome-untrusted.", source: file:///C:/Users/terry/source/repos/BudgetBrowser/WebPages/index.html (0)
[0923/140100.368:INFO:CONSOLE(0)] "Access to XMLHttpRequest at 'file:///C:/Users/terry/source/repos/BudgetBrowser/WebPages/footer.html' from origin 'null' has been blocked by CORS policy: Cross origin requests are only supported for protocol schemes: http, data, budgetbrowser, chrome-extension, chrome, https, chrome-untrusted.", source: file:///C:/Users/terry/source/repos/BudgetBrowser/WebPages/index.html (0)
[0923/140100.686:WARNING:browser_info.cc(309)] Returning a speculative frame for 25769803781 [6,5]
[0923/140100.686:WARNING:browser_info.cc(309)] Returning a speculative frame for 25769803781 [6,5]
[0923/140100.687:WARNING:browser_info.cc(309)] Returning a speculative frame for 25769803781 [6,5]
[0923/140100.687:WARNING:browser_info.cc(309)] Returning a speculative frame for 25769803781 [6,5]
[0923/140323.857:WARNING:frame_impl.cc(420)] SendProcessMessage sent to detached frame 25769803781 [6,5] will be ignored
[0923/140514.450:WARNING:chrome_browser_cloud_management_controller.cc(87)] Could not create policy manager as CBCM is not enabled.
[0923/140517.569:INFO:CONSOLE(0)] "Access to XMLHttpRequest at 'file:///C:/Users/terry/source/repos/BudgetBrowser/WebPages/menu.html' from origin 'null' has been blocked by CORS policy: Cross origin requests are only supported for protocol schemes: http, data, budgetbrowser, chrome-extension, chrome, https, chrome-untrusted.", source: file:///C:/Users/terry/source/repos/BudgetBrowser/WebPages/index.html (0)
[0923/140517.569:INFO:CONSOLE(0)] "Access to XMLHttpRequest at 'file:///C:/Users/terry/source/repos/BudgetBrowser/WebPages/footer.html' from origin 'null' has been blocked by CORS policy: Cross origin requests are only supported for protocol schemes: http, data, budgetbrowser, chrome-extension, chrome, https, chrome-untrusted.", source: file:///C:/Users/terry/source/repos/BudgetBrowser/WebPages/index.html (0)
[0923/140517.716:WARNING:browser_info.cc(309)] Returning a speculative frame for 25769803781 [6,5]
[0923/140517.721:WARNING:browser_info.cc(309)] Returning a speculative frame for 25769803781 [6,5]
[0923/140517.721:WARNING:browser_info.cc(309)] Returning a speculative frame for 25769803781 [6,5]
[0923/140517.722:WARNING:browser_info.cc(309)] Returning a speculative frame for 25769803781 [6,5]
[0923/140517.829:WARNING:browser_info.cc(309)] Returning a speculative frame for 25769803781 [6,5]
[0923/140600.099:WARNING:frame_impl.cc(420)] SendProcessMessage sent to detached frame 25769803781 [6,5] will be ignored
[1112/092605.478:WARNING:chrome_browser_cloud_management_controller.cc(87)] Could not create policy manager as CBCM is not enabled.
[1112/092609.269:WARNING:browser_info.cc(309)] Returning a speculative frame for 25769803781 [6,5]
[1112/092609.414:INFO:CONSOLE(0)] "Access to XMLHttpRequest at 'file:///C:/Users/terry/source/repos/BudgetBrowser/WebPages/menu.html' from origin 'null' has been blocked by CORS policy: Cross origin requests are only supported for protocol schemes: http, data, budgetbrowser, chrome-extension, chrome, https, chrome-untrusted.", source: file:///C:/Users/terry/source/repos/BudgetBrowser/WebPages/index.html (0)
[1112/092609.419:INFO:CONSOLE(0)] "Access to XMLHttpRequest at 'file:///C:/Users/terry/source/repos/BudgetBrowser/WebPages/footer.html' from origin 'null' has been blocked by CORS policy: Cross origin requests are only supported for protocol schemes: http, data, budgetbrowser, chrome-extension, chrome, https, chrome-untrusted.", source: file:///C:/Users/terry/source/repos/BudgetBrowser/WebPages/index.html (0)
[1112/092609.629:WARNING:browser_info.cc(309)] Returning a speculative frame for 25769803781 [6,5]
[1112/092609.629:WARNING:browser_info.cc(309)] Returning a speculative frame for 25769803781 [6,5]
[1112/092609.629:WARNING:browser_info.cc(309)] Returning a speculative frame for 25769803781 [6,5]
[1112/092609.629:WARNING:browser_info.cc(309)] Returning a speculative frame for 25769803781 [6,5]
[1112/092627.832:INFO:CONSOLE(0)] "Error with Permissions-Policy header: Origin trial controlled feature not enabled: 'unload'.", source:  (0)
[1112/092628.527:INFO:CONSOLE(0)] "Error with Permissions-Policy header: Unrecognized feature: 'ch-ua-form-factor'.", source:  (0)
[1112/092635.685:WARNING:browser_info.cc(309)] Returning a speculative frame for 42949672965 [10,5]
[1112/092635.753:WARNING:browser_info.cc(309)] Returning a speculative frame for 42949672965 [10,5]
[1112/092635.753:WARNING:browser_info.cc(309)] Returning a speculative frame for 42949672965 [10,5]
[1112/092635.754:WARNING:browser_info.cc(309)] Returning a speculative frame for 42949672965 [10,5]
[1112/092635.754:WARNING:browser_info.cc(309)] Returning a speculative frame for 42949672965 [10,5]
[1112/092635.760:INFO:CONSOLE(0)] "Error with Permissions-Policy header: Unrecognized feature: 'ch-ua-form-factor'.", source:  (0)
[1112/092636.122:INFO:CONSOLE(0)] "Error with Permissions-Policy header: Unrecognized feature: 'ch-ua-form-factor'.", source:  (0)
[1112/092646.874:WARNING:frame_impl.cc(420)] SendProcessMessage sent to detached frame 38654705670 [9,6] will be ignored
[1112/092648.582:INFO:CONSOLE(0)] "Error with Permissions-Policy header: Unrecognized feature: 'ch-ua-form-factor'.", source:  (0)
[1112/092707.220:WARNING:frame_impl.cc(420)] SendProcessMessage sent to detached frame 25769803781 [6,5] will be ignored
[1112/092707.250:WARNING:frame_impl.cc(420)] SendProcessMessage sent to detached frame 34359738374 [8,6] will be ignored
[1112/092707.255:WARNING:frame_impl.cc(420)] SendProcessMessage sent to detached frame 34359738372 [8,4] will be ignored
[1112/092707.319:WARNING:sqlite_persistent_store_backend_base.cc(159)] Failed to post task from FlushAndNotifyInBackground@net\extras\sqlite\sqlite_persistent_store_backend_base.cc:207 to client_task_runner_.
[1112/092707.319:WARNING:sqlite_persistent_store_backend_base.cc(159)] Failed to post task from FlushAndNotifyInBackground@net\extras\sqlite\sqlite_persistent_store_backend_base.cc:207 to client_task_runner_.
[1112/162905.008:WARNING:chrome_browser_cloud_management_controller.cc(87)] Could not create policy manager as CBCM is not enabled.
[1112/162912.501:WARNING:browser_info.cc(309)] Returning a speculative frame for 25769803781 [6,5]
[1112/162912.721:INFO:CONSOLE(0)] "Access to XMLHttpRequest at 'file:///C:/Users/terry/source/repos/Baby/WebPages/menu.html' from origin 'null' has been blocked by CORS policy: Cross origin requests are only supported for protocol schemes: http, baby, data, chrome-extension, chrome, https, chrome-untrusted.", source: file:///C:/Users/terry/source/repos/Baby/WebPages/index.html (0)
[1112/162912.722:INFO:CONSOLE(0)] "Access to XMLHttpRequest at 'file:///C:/Users/terry/source/repos/Baby/WebPages/footer.html' from origin 'null' has been blocked by CORS policy: Cross origin requests are only supported for protocol schemes: http, baby, data, chrome-extension, chrome, https, chrome-untrusted.", source: file:///C:/Users/terry/source/repos/Baby/WebPages/index.html (0)
[1112/162913.033:WARNING:browser_info.cc(309)] Returning a speculative frame for 25769803781 [6,5]
[1112/162913.033:WARNING:browser_info.cc(309)] Returning a speculative frame for 25769803781 [6,5]
[1112/162913.033:WARNING:browser_info.cc(309)] Returning a speculative frame for 25769803781 [6,5]
[1112/162913.034:WARNING:browser_info.cc(309)] Returning a speculative frame for 25769803781 [6,5]
[1112/162948.764:ERROR:browser_info_manager.cc(623)] Timeout of new browser info response for frame 30064771076 [7,4]
[1112/162949.787:INFO:CONSOLE(0)] "Error with Permissions-Policy header: Origin trial controlled feature not enabled: 'unload'.", source:  (0)
[1112/162949.900:WARNING:frame_impl.cc(420)] SendProcessMessage sent to detached frame 21474836481 [5,1] will be ignored
[1112/162955.311:WARNING:browser_info.cc(309)] Returning a speculative frame for 283467841541 [66,5]
[1112/162955.342:WARNING:browser_info.cc(309)] Returning a speculative frame for 283467841541 [66,5]
[1112/162955.378:WARNING:browser_info.cc(309)] Returning a speculative frame for 283467841541 [66,5]
[1112/162955.378:WARNING:browser_info.cc(309)] Returning a speculative frame for 283467841541 [66,5]
[1112/162955.507:INFO:CONSOLE(1258)] "Failed to execute 'postMessage' on 'DOMWindow': The target origin provided ('https://www.youtube.com') does not match the recipient window's origin ('https://www.google.com').", source: https://www.youtube.com/s/player/5bdfe6d5/www-widgetapi.vflset/www-widgetapi.js (1258)
[1112/162955.755:INFO:CONSOLE(1258)] "Failed to execute 'postMessage' on 'DOMWindow': The target origin provided ('https://www.youtube.com') does not match the recipient window's origin ('https://www.google.com').", source: https://www.youtube.com/s/player/5bdfe6d5/www-widgetapi.vflset/www-widgetapi.js (1258)
[1112/162955.961:INFO:CONSOLE(1258)] "Failed to execute 'postMessage' on 'DOMWindow': The target origin provided ('https://www.youtube.com') does not match the recipient window's origin ('https://www.google.com').", source: https://www.youtube.com/s/player/5bdfe6d5/www-widgetapi.vflset/www-widgetapi.js (1258)
[1112/162956.246:INFO:CONSOLE(1258)] "Failed to execute 'postMessage' on 'DOMWindow': The target origin provided ('https://www.youtube.com') does not match the recipient window's origin ('https://www.google.com').", source: https://www.youtube.com/s/player/5bdfe6d5/www-widgetapi.vflset/www-widgetapi.js (1258)
[1112/162956.495:INFO:CONSOLE(1258)] "Failed to execute 'postMessage' on 'DOMWindow': The target origin provided ('https://www.youtube.com') does not match the recipient window's origin ('https://www.google.com').", source: https://www.youtube.com/s/player/5bdfe6d5/www-widgetapi.vflset/www-widgetapi.js (1258)
[1112/162956.775:INFO:CONSOLE(1258)] "Failed to execute 'postMessage' on 'DOMWindow': The target origin provided ('https://www.youtube.com') does not match the recipient window's origin ('https://www.google.com').", source: https://www.youtube.com/s/player/5bdfe6d5/www-widgetapi.vflset/www-widgetapi.js (1258)
[1112/162956.986:INFO:CONSOLE(1258)] "Failed to execute 'postMessage' on 'DOMWindow': The target origin provided ('https://www.youtube.com') does not match the recipient window's origin ('https://www.google.com').", source: https://www.youtube.com/s/player/5bdfe6d5/www-widgetapi.vflset/www-widgetapi.js (1258)
[1112/162957.287:INFO:CONSOLE(1258)] "Failed to execute 'postMessage' on 'DOMWindow': The target origin provided ('https://www.youtube.com') does not match the recipient window's origin ('https://www.google.com').", source: https://www.youtube.com/s/player/5bdfe6d5/www-widgetapi.vflset/www-widgetapi.js (1258)
[1112/162957.599:INFO:CONSOLE(1258)] "Failed to execute 'postMessage' on 'DOMWindow': The target origin provided ('https://www.youtube.com') does not match the recipient window's origin ('https://www.google.com').", source: https://www.youtube.com/s/player/5bdfe6d5/www-widgetapi.vflset/www-widgetapi.js (1258)
[1112/162957.784:INFO:CONSOLE(1258)] "Failed to execute 'postMessage' on 'DOMWindow': The target origin provided ('https://www.youtube.com') does not match the recipient window's origin ('https://www.google.com').", source: https://www.youtube.com/s/player/5bdfe6d5/www-widgetapi.vflset/www-widgetapi.js (1258)
[1112/162958.007:INFO:CONSOLE(1258)] "Failed to execute 'postMessage' on 'DOMWindow': The target origin provided ('https://www.youtube.com') does not match the recipient window's origin ('https://www.google.com').", source: https://www.youtube.com/s/player/5bdfe6d5/www-widgetapi.vflset/www-widgetapi.js (1258)
[1112/162958.298:INFO:CONSOLE(1258)] "Failed to execute 'postMessage' on 'DOMWindow': The target origin provided ('https://www.youtube.com') does not match the recipient window's origin ('https://www.google.com').", source: https://www.youtube.com/s/player/5bdfe6d5/www-widgetapi.vflset/www-widgetapi.js (1258)
[1112/162958.487:INFO:CONSOLE(1258)] "Failed to execute 'postMessage' on 'DOMWindow': The target origin provided ('https://www.youtube.com') does not match the recipient window's origin ('https://www.google.com').", source: https://www.youtube.com/s/player/5bdfe6d5/www-widgetapi.vflset/www-widgetapi.js (1258)
[1112/162958.772:INFO:CONSOLE(1258)] "Failed to execute 'postMessage' on 'DOMWindow': The target origin provided ('https://www.youtube.com') does not match the recipient window's origin ('https://www.google.com').", source: https://www.youtube.com/s/player/5bdfe6d5/www-widgetapi.vflset/www-widgetapi.js (1258)
[1112/162959.050:INFO:CONSOLE(1258)] "Failed to execute 'postMessage' on 'DOMWindow': The target origin provided ('https://www.youtube.com') does not match the recipient window's origin ('https://www.google.com').", source: https://www.youtube.com/s/player/5bdfe6d5/www-widgetapi.vflset/www-widgetapi.js (1258)
[1112/162959.361:INFO:CONSOLE(1258)] "Failed to execute 'postMessage' on 'DOMWindow': The target origin provided ('https://www.youtube.com') does not match the recipient window's origin ('https://www.google.com').", source: https://www.youtube.com/s/player/5bdfe6d5/www-widgetapi.vflset/www-widgetapi.js (1258)
[1112/162959.517:INFO:CONSOLE(1258)] "Failed to execute 'postMessage' on 'DOMWindow': The target origin provided ('https://www.youtube.com') does not match the recipient window's origin ('https://www.google.com').", source: https://www.youtube.com/s/player/5bdfe6d5/www-widgetapi.vflset/www-widgetapi.js (1258)
[1112/162959.778:INFO:CONSOLE(1258)] "Failed to execute 'postMessage' on 'DOMWindow': The target origin provided ('https://www.youtube.com') does not match the recipient window's origin ('https://www.google.com').", source: https://www.youtube.com/s/player/5bdfe6d5/www-widgetapi.vflset/www-widgetapi.js (1258)
[1112/163000.022:INFO:CONSOLE(1258)] "Failed to execute 'postMessage' on 'DOMWindow': The target origin provided ('https://www.youtube.com') does not match the recipient window's origin ('https://www.google.com').", source: https://www.youtube.com/s/player/5bdfe6d5/www-widgetapi.vflset/www-widgetapi.js (1258)
[1112/163000.268:INFO:CONSOLE(1258)] "Failed to execute 'postMessage' on 'DOMWindow': The target origin provided ('https://www.youtube.com') does not match the recipient window's origin ('https://www.google.com').", source: https://www.youtube.com/s/player/5bdfe6d5/www-widgetapi.vflset/www-widgetapi.js (1258)
[1112/163000.508:INFO:CONSOLE(1258)] "Failed to execute 'postMessage' on 'DOMWindow': The target origin provided ('https://www.youtube.com') does not match the recipient window's origin ('https://www.google.com').", source: https://www.youtube.com/s/player/5bdfe6d5/www-widgetapi.vflset/www-widgetapi.js (1258)
[1112/163000.716:INFO:CONSOLE(1258)] "Failed to execute 'postMessage' on 'DOMWindow': The target origin provided ('https://www.youtube.com') does not match the recipient window's origin ('https://www.google.com').", source: https://www.youtube.com/s/player/5bdfe6d5/www-widgetapi.vflset/www-widgetapi.js (1258)
[1112/163001.016:INFO:CONSOLE(1258)] "Failed to execute 'postMessage' on 'DOMWindow': The target origin provided ('https://www.youtube.com') does not match the recipient window's origin ('https://www.google.com').", source: https://www.youtube.com/s/player/5bdfe6d5/www-widgetapi.vflset/www-widgetapi.js (1258)
[1112/163001.337:INFO:CONSOLE(1258)] "Failed to execute 'postMessage' on 'DOMWindow': The target origin provided ('https://www.youtube.com') does not match the recipient window's origin ('https://www.google.com').", source: https://www.youtube.com/s/player/5bdfe6d5/www-widgetapi.vflset/www-widgetapi.js (1258)
[1112/163001.522:INFO:CONSOLE(1258)] "Failed to execute 'postMessage' on 'DOMWindow': The target origin provided ('https://www.youtube.com') does not match the recipient window's origin ('https://www.google.com').", source: https://www.youtube.com/s/player/5bdfe6d5/www-widgetapi.vflset/www-widgetapi.js (1258)
[1112/163001.863:INFO:CONSOLE(1258)] "Failed to execute 'postMessage' on 'DOMWindow': The target origin provided ('https://www.youtube.com') does not match the recipient window's origin ('https://www.google.com').", source: https://www.youtube.com/s/player/5bdfe6d5/www-widgetapi.vflset/www-widgetapi.js (1258)
[1112/163002.047:INFO:CONSOLE(1258)] "Failed to execute 'postMessage' on 'DOMWindow': The target origin provided ('https://www.youtube.com') does not match the recipient window's origin ('https://www.google.com').", source: https://www.youtube.com/s/player/5bdfe6d5/www-widgetapi.vflset/www-widgetapi.js (1258)
[1112/163002.125:INFO:CONSOLE(0)] "Error with Permissions-Policy header: Origin trial controlled feature not enabled: 'unload'.", source:  (0)
[1112/163002.270:INFO:CONSOLE(1258)] "Failed to execute 'postMessage' on 'DOMWindow': The target origin provided ('https://www.youtube.com') does not match the recipient window's origin ('https://www.google.com').", source: https://www.youtube.com/s/player/5bdfe6d5/www-widgetapi.vflset/www-widgetapi.js (1258)
[1112/163002.512:INFO:CONSOLE(1258)] "Failed to execute 'postMessage' on 'DOMWindow': The target origin provided ('https://www.youtube.com') does not match the recipient window's origin ('https://www.google.com').", source: https://www.youtube.com/s/player/5bdfe6d5/www-widgetapi.vflset/www-widgetapi.js (1258)
[1112/163002.831:INFO:CONSOLE(1258)] "Failed to execute 'postMessage' on 'DOMWindow': The target origin provided ('https://www.youtube.com') does not match the recipient window's origin ('https://www.google.com').", source: https://www.youtube.com/s/player/5bdfe6d5/www-widgetapi.vflset/www-widgetapi.js (1258)
[1112/163003.016:INFO:CONSOLE(1258)] "Failed to execute 'postMessage' on 'DOMWindow': The target origin provided ('https://www.youtube.com') does not match the recipient window's origin ('https://www.google.com').", source: https://www.youtube.com/s/player/5bdfe6d5/www-widgetapi.vflset/www-widgetapi.js (1258)
[1112/163003.100:INFO:CONSOLE(0)] "Error with Permissions-Policy header: Origin trial controlled feature not enabled: 'unload'.", source:  (0)
[1112/163003.198:INFO:CONSOLE(0)] "Error with Permissions-Policy header: Origin trial controlled feature not enabled: 'unload'.", source:  (0)
[1112/163003.320:INFO:CONSOLE(1258)] "Failed to execute 'postMessage' on 'DOMWindow': The target origin provided ('https://www.youtube.com') does not match the recipient window's origin ('https://www.google.com').", source: https://www.youtube.com/s/player/5bdfe6d5/www-widgetapi.vflset/www-widgetapi.js (1258)
[1112/163003.557:INFO:CONSOLE(1258)] "Failed to execute 'postMessage' on 'DOMWindow': The target origin provided ('https://www.youtube.com') does not match the recipient window's origin ('https://www.google.com').", source: https://www.youtube.com/s/player/5bdfe6d5/www-widgetapi.vflset/www-widgetapi.js (1258)
[1112/163003.826:INFO:CONSOLE(1258)] "Failed to execute 'postMessage' on 'DOMWindow': The target origin provided ('https://www.youtube.com') does not match the recipient window's origin ('https://www.google.com').", source: https://www.youtube.com/s/player/5bdfe6d5/www-widgetapi.vflset/www-widgetapi.js (1258)
[1112/163003.899:INFO:CONSOLE(0)] "Error with Permissions-Policy header: Origin trial controlled feature not enabled: 'unload'.", source:  (0)
[1112/163004.383:INFO:CONSOLE(1258)] "Failed to execute 'postMessage' on 'DOMWindow': The target origin provided ('https://www.youtube.com') does not match the recipient window's origin ('https://www.google.com').", source: https://www.youtube.com/s/player/5bdfe6d5/www-widgetapi.vflset/www-widgetapi.js (1258)
[1112/163004.713:INFO:CONSOLE(1258)] "Failed to execute 'postMessage' on 'DOMWindow': The target origin provided ('https://www.youtube.com') does not match the recipient window's origin ('https://www.google.com').", source: https://www.youtube.com/s/player/5bdfe6d5/www-widgetapi.vflset/www-widgetapi.js (1258)
[1112/163004.717:INFO:CONSOLE(1258)] "Failed to execute 'postMessage' on 'DOMWindow': The target origin provided ('https://www.youtube.com') does not match the recipient window's origin ('https://www.google.com').", source: https://www.youtube.com/s/player/5bdfe6d5/www-widgetapi.vflset/www-widgetapi.js (1258)
[1112/163004.812:INFO:CONSOLE(0)] "Error with Permissions-Policy header: Origin trial controlled feature not enabled: 'unload'.", source:  (0)
[1112/163005.126:INFO:CONSOLE(1258)] "Failed to execute 'postMessage' on 'DOMWindow': The target origin provided ('https://www.youtube.com') does not match the recipient window's origin ('https://www.google.com').", source: https://www.youtube.com/s/player/5bdfe6d5/www-widgetapi.vflset/www-widgetapi.js (1258)
[1112/163005.203:INFO:CONSOLE(0)] "Error with Permissions-Policy header: Origin trial controlled feature not enabled: 'unload'.", source:  (0)
[1112/163005.291:INFO:CONSOLE(1258)] "Failed to execute 'postMessage' on 'DOMWindow': The target origin provided ('https://www.youtube.com') does not match the recipient window's origin ('https://www.google.com').", source: https://www.youtube.com/s/player/5bdfe6d5/www-widgetapi.vflset/www-widgetapi.js (1258)
[1112/163005.479:INFO:CONSOLE(1258)] "Failed to execute 'postMessage' on 'DOMWindow': The target origin provided ('https://www.youtube.com') does not match the recipient window's origin ('https://www.google.com').", source: https://www.youtube.com/s/player/5bdfe6d5/www-widgetapi.vflset/www-widgetapi.js (1258)
[1112/163005.529:INFO:CONSOLE(1258)] "Failed to execute 'postMessage' on 'DOMWindow': The target origin provided ('https://www.youtube.com') does not match the recipient window's origin ('https://www.google.com').", source: https://www.youtube.com/s/player/5bdfe6d5/www-widgetapi.vflset/www-widgetapi.js (1258)
[1112/163005.637:INFO:CONSOLE(0)] "Error with Permissions-Policy header: Origin trial controlled feature not enabled: 'unload'.", source:  (0)
[1112/163005.759:INFO:CONSOLE(0)] "Error with Permissions-Policy header: Origin trial controlled feature not enabled: 'unload'.", source:  (0)
[1112/163006.403:INFO:CONSOLE(1258)] "Failed to execute 'postMessage' on 'DOMWindow': The target origin provided ('https://www.youtube.com') does not match the recipient window's origin ('https://www.google.com').", source: https://www.youtube.com/s/player/5bdfe6d5/www-widgetapi.vflset/www-widgetapi.js (1258)
[1112/163006.548:INFO:CONSOLE(1258)] "Failed to execute 'postMessage' on 'DOMWindow': The target origin provided ('https://www.youtube.com') does not match the recipient window's origin ('https://www.google.com').", source: https://www.youtube.com/s/player/5bdfe6d5/www-widgetapi.vflset/www-widgetapi.js (1258)
[1112/163006.564:INFO:CONSOLE(1258)] "Failed to execute 'postMessage' on 'DOMWindow': The target origin provided ('https://www.youtube.com') does not match the recipient window's origin ('https://www.google.com').", source: https://www.youtube.com/s/player/5bdfe6d5/www-widgetapi.vflset/www-widgetapi.js (1258)
[1112/163006.720:INFO:CONSOLE(1258)] "Failed to execute 'postMessage' on 'DOMWindow': The target origin provided ('https://www.youtube.com') does not match the recipient window's origin ('https://www.google.com').", source: https://www.youtube.com/s/player/5bdfe6d5/www-widgetapi.vflset/www-widgetapi.js (1258)
[1112/163006.850:INFO:CONSOLE(1258)] "Failed to execute 'postMessage' on 'DOMWindow': The target origin provided ('https://www.youtube.com') does not match the recipient window's origin ('https://www.google.com').", source: https://www.youtube.com/s/player/5bdfe6d5/www-widgetapi.vflset/www-widgetapi.js (1258)
[1112/163006.854:INFO:CONSOLE(0)] "Error with Permissions-Policy header: Origin trial controlled feature not enabled: 'unload'.", source:  (0)
[1112/163007.168:INFO:CONSOLE(0)] "Error with Permissions-Policy header: Origin trial controlled feature not enabled: 'unload'.", source:  (0)
[1112/163007.237:INFO:CONSOLE(1258)] "Failed to execute 'postMessage' on 'DOMWindow': The target origin provided ('https://www.youtube.com') does not match the recipient window's origin ('https://www.google.com').", source: https://www.youtube.com/s/player/5bdfe6d5/www-widgetapi.vflset/www-widgetapi.js (1258)
[1112/163007.533:INFO:CONSOLE(1258)] "Failed to execute 'postMessage' on 'DOMWindow': The target origin provided ('https://www.youtube.com') does not match the recipient window's origin ('https://www.google.com').", source: https://www.youtube.com/s/player/5bdfe6d5/www-widgetapi.vflset/www-widgetapi.js (1258)
[1112/163007.649:INFO:CONSOLE(1258)] "Failed to execute 'postMessage' on 'DOMWindow': The target origin provided ('https://www.youtube.com') does not match the recipient window's origin ('https://www.google.com').", source: https://www.youtube.com/s/player/5bdfe6d5/www-widgetapi.vflset/www-widgetapi.js (1258)
[1112/163007.816:INFO:CONSOLE(1258)] "Failed to execute 'postMessage' on 'DOMWindow': The target origin provided ('https://www.youtube.com') does not match the recipient window's origin ('https://www.google.com').", source: https://www.youtube.com/s/player/5bdfe6d5/www-widgetapi.vflset/www-widgetapi.js (1258)
[1112/163008.029:INFO:CONSOLE(1258)] "Failed to execute 'postMessage' on 'DOMWindow': The target origin provided ('https://www.youtube.com') does not match the recipient window's origin ('https://www.google.com').", source: https://www.youtube.com/s/player/5bdfe6d5/www-widgetapi.vflset/www-widgetapi.js (1258)
[1112/163008.370:INFO:CONSOLE(1258)] "Failed to execute 'postMessage' on 'DOMWindow': The target origin provided ('https://www.youtube.com') does not match the recipient window's origin ('https://www.google.com').", source: https://www.youtube.com/s/player/5bdfe6d5/www-widgetapi.vflset/www-widgetapi.js (1258)
[1112/163008.515:INFO:CONSOLE(0)] "Error with Permissions-Policy header: Origin trial controlled feature not enabled: 'unload'.", source:  (0)
[1112/163008.652:INFO:CONSOLE(1258)] "Failed to execute 'postMessage' on 'DOMWindow': The target origin provided ('https://www.youtube.com') does not match the recipient window's origin ('https://www.google.com').", source: https://www.youtube.com/s/player/5bdfe6d5/www-widgetapi.vflset/www-widgetapi.js (1258)
[1112/163009.210:INFO:CONSOLE(1258)] "Failed to execute 'postMessage' on 'DOMWindow': The target origin provided ('https://www.youtube.com') does not match the recipient window's origin ('https://www.google.com').", source: https://www.youtube.com/s/player/5bdfe6d5/www-widgetapi.vflset/www-widgetapi.js (1258)
[1112/163009.275:INFO:CONSOLE(1258)] "Failed to execute 'postMessage' on 'DOMWindow': The target origin provided ('https://www.youtube.com') does not match the recipient window's origin ('https://www.google.com').", source: https://www.youtube.com/s/player/5bdfe6d5/www-widgetapi.vflset/www-widgetapi.js (1258)
[1112/163009.365:INFO:CONSOLE(1258)] "Failed to execute 'postMessage' on 'DOMWindow': The target origin provided ('https://www.youtube.com') does not match the recipient window's origin ('https://www.google.com').", source: https://www.youtube.com/s/player/5bdfe6d5/www-widgetapi.vflset/www-widgetapi.js (1258)
[1112/163009.681:INFO:CONSOLE(0)] "Error with Permissions-Policy header: Origin trial controlled feature not enabled: 'unload'.", source:  (0)
[1112/163009.815:INFO:CONSOLE(1258)] "Failed to execute 'postMessage' on 'DOMWindow': The target origin provided ('https://www.youtube.com') does not match the recipient window's origin ('https://www.google.com').", source: https://www.youtube.com/s/player/5bdfe6d5/www-widgetapi.vflset/www-widgetapi.js (1258)
[1112/163009.922:INFO:CONSOLE(1258)] "Failed to execute 'postMessage' on 'DOMWindow': The target origin provided ('https://www.youtube.com') does not match the recipient window's origin ('https://www.google.com').", source: https://www.youtube.com/s/player/5bdfe6d5/www-widgetapi.vflset/www-widgetapi.js (1258)
[1112/163010.192:INFO:CONSOLE(1258)] "Failed to execute 'postMessage' on 'DOMWindow': The target origin provided ('https://www.youtube.com') does not match the recipient window's origin ('https://www.google.com').", source: https://www.youtube.com/s/player/5bdfe6d5/www-widgetapi.vflset/www-widgetapi.js (1258)
[1112/163010.456:INFO:CONSOLE(1258)] "Failed to execute 'postMessage' on 'DOMWindow': The target origin provided ('https://www.youtube.com') does not match the recipient window's origin ('https://www.google.com').", source: https://www.youtube.com/s/player/5bdfe6d5/www-widgetapi.vflset/www-widgetapi.js (1258)
[1112/163010.830:INFO:CONSOLE(1258)] "Failed to execute 'postMessage' on 'DOMWindow': The target origin provided ('https://www.youtube.com') does not match the recipient window's origin ('https://www.google.com').", source: https://www.youtube.com/s/player/5bdfe6d5/www-widgetapi.vflset/www-widgetapi.js (1258)
[1112/163011.108:INFO:CONSOLE(1258)] "Failed to execute 'postMessage' on 'DOMWindow': The target origin provided ('https://www.youtube.com') does not match the recipient window's origin ('https://www.google.com').", source: https://www.youtube.com/s/player/5bdfe6d5/www-widgetapi.vflset/www-widgetapi.js (1258)
[1112/163011.371:INFO:CONSOLE(1258)] "Failed to execute 'postMessage' on 'DOMWindow': The target origin provided ('https://www.youtube.com') does not match the recipient window's origin ('https://www.google.com').", source: https://www.youtube.com/s/player/5bdfe6d5/www-widgetapi.vflset/www-widgetapi.js (1258)
[1112/163011.387:INFO:CONSOLE(0)] "Error with Permissions-Policy header: Origin trial controlled feature not enabled: 'unload'.", source:  (0)
[1112/163011.664:INFO:CONSOLE(1258)] "Failed to execute 'postMessage' on 'DOMWindow': The target origin provided ('https://www.youtube.com') does not match the recipient window's origin ('https://www.google.com').", source: https://www.youtube.com/s/player/5bdfe6d5/www-widgetapi.vflset/www-widgetapi.js (1258)
[1112/163011.694:INFO:CONSOLE(1258)] "Failed to execute 'postMessage' on 'DOMWindow': The target origin provided ('https://www.youtube.com') does not match the recipient window's origin ('https://www.google.com').", source: https://www.youtube.com/s/player/5bdfe6d5/www-widgetapi.vflset/www-widgetapi.js (1258)
[1112/163011.985:INFO:CONSOLE(1258)] "Failed to execute 'postMessage' on 'DOMWindow': The target origin provided ('https://www.youtube.com') does not match the recipient window's origin ('https://www.google.com').", source: https://www.youtube.com/s/player/5bdfe6d5/www-widgetapi.vflset/www-widgetapi.js (1258)
[1112/163012.117:INFO:CONSOLE(0)] "Error with Permissions-Policy header: Origin trial controlled feature not enabled: 'unload'.", source:  (0)
[1112/163012.170:INFO:CONSOLE(0)] "Error with Permissions-Policy header: Origin trial controlled feature not enabled: 'unload'.", source:  (0)
[1112/163012.586:INFO:CONSOLE(0)] "Error with Permissions-Policy header: Origin trial controlled feature not enabled: 'unload'.", source:  (0)
[1112/163012.724:INFO:CONSOLE(1258)] "Failed to execute 'postMessage' on 'DOMWindow': The target origin provided ('https://www.youtube.com') does not match the recipient window's origin ('https://www.google.com').", source: https://www.youtube.com/s/player/5bdfe6d5/www-widgetapi.vflset/www-widgetapi.js (1258)
[1112/163012.746:INFO:CONSOLE(1258)] "Failed to execute 'postMessage' on 'DOMWindow': The target origin provided ('https://www.youtube.com') does not match the recipient window's origin ('https://www.google.com').", source: https://www.youtube.com/s/player/5bdfe6d5/www-widgetapi.vflset/www-widgetapi.js (1258)
[1112/163013.204:INFO:CONSOLE(0)] "Error with Permissions-Policy header: Origin trial controlled feature not enabled: 'unload'.", source:  (0)
[1112/163013.554:INFO:CONSOLE(1258)] "Failed to execute 'postMessage' on 'DOMWindow': The target origin provided ('https://www.youtube.com') does not match the recipient window's origin ('https://www.google.com').", source: https://www.youtube.com/s/player/5bdfe6d5/www-widgetapi.vflset/www-widgetapi.js (1258)
[1112/163013.716:INFO:CONSOLE(1258)] "Failed to execute 'postMessage' on 'DOMWindow': The target origin provided ('https://www.youtube.com') does not match the recipient window's origin ('https://www.google.com').", source: https://www.youtube.com/s/player/5bdfe6d5/www-widgetapi.vflset/www-widgetapi.js (1258)
[1112/163013.742:INFO:CONSOLE(1258)] "Failed to execute 'postMessage' on 'DOMWindow': The target origin provided ('https://www.youtube.com') does not match the recipient window's origin ('https://www.google.com').", source: https://www.youtube.com/s/player/5bdfe6d5/www-widgetapi.vflset/www-widgetapi.js (1258)
[1112/163013.982:INFO:CONSOLE(1258)] "Failed to execute 'postMessage' on 'DOMWindow': The target origin provided ('https://www.youtube.com') does not match the recipient window's origin ('https://www.google.com').", source: https://www.youtube.com/s/player/5bdfe6d5/www-widgetapi.vflset/www-widgetapi.js (1258)
[1112/163014.034:INFO:CONSOLE(0)] "Error with Permissions-Policy header: Origin trial controlled feature not enabled: 'unload'.", source:  (0)
[1112/163014.188:INFO:CONSOLE(1258)] "Failed to execute 'postMessage' on 'DOMWindow': The target origin provided ('https://www.youtube.com') does not match the recipient window's origin ('https://www.google.com').", source: https://www.youtube.com/s/player/5bdfe6d5/www-widgetapi.vflset/www-widgetapi.js (1258)
[1112/163014.319:INFO:CONSOLE(1258)] "Failed to execute 'postMessage' on 'DOMWindow': The target origin provided ('https://www.youtube.com') does not match the recipient window's origin ('https://www.google.com').", source: https://www.youtube.com/s/player/5bdfe6d5/www-widgetapi.vflset/www-widgetapi.js (1258)
[1112/163014.422:INFO:CONSOLE(1258)] "Failed to execute 'postMessage' on 'DOMWindow': The target origin provided ('https://www.youtube.com') does not match the recipient window's origin ('https://www.google.com').", source: https://www.youtube.com/s/player/5bdfe6d5/www-widgetapi.vflset/www-widgetapi.js (1258)
[1112/163014.527:INFO:CONSOLE(0)] "Error with Permissions-Policy header: Origin trial controlled feature not enabled: 'unload'.", source:  (0)
[1112/163014.724:INFO:CONSOLE(1258)] "Failed to execute 'postMessage' on 'DOMWindow': The target origin provided ('https://www.youtube.com') does not match the recipient window's origin ('https://www.google.com').", source: https://www.youtube.com/s/player/5bdfe6d5/www-widgetapi.vflset/www-widgetapi.js (1258)
[1112/163014.900:INFO:CONSOLE(1258)] "Failed to execute 'postMessage' on 'DOMWindow': The target origin provided ('https://www.youtube.com') does not match the recipient window's origin ('https://www.google.com').", source: https://www.youtube.com/s/player/5bdfe6d5/www-widgetapi.vflset/www-widgetapi.js (1258)
[1112/163015.132:INFO:CONSOLE(1258)] "Failed to execute 'postMessage' on 'DOMWindow': The target origin provided ('https://www.youtube.com') does not match the recipient window's origin ('https://www.google.com').", source: https://www.youtube.com/s/player/5bdfe6d5/www-widgetapi.vflset/www-widgetapi.js (1258)
[1112/163015.578:INFO:CONSOLE(1258)] "Failed to execute 'postMessage' on 'DOMWindow': The target origin provided ('https://www.youtube.com') does not match the recipient window's origin ('https://www.google.com').", source: https://www.youtube.com/s/player/5bdfe6d5/www-widgetapi.vflset/www-widgetapi.js (1258)
[1112/163015.582:INFO:CONSOLE(0)] "Error with Permissions-Policy header: Origin trial controlled feature not enabled: 'unload'.", source:  (0)
[1112/163016.401:INFO:CONSOLE(1258)] "Failed to execute 'postMessage' on 'DOMWindow': The target origin provided ('https://www.youtube.com') does not match the recipient window's origin ('https://www.google.com').", source: https://www.youtube.com/s/player/5bdfe6d5/www-widgetapi.vflset/www-widgetapi.js (1258)
[1112/163016.413:INFO:CONSOLE(1258)] "Failed to execute 'postMessage' on 'DOMWindow': The target origin provided ('https://www.youtube.com') does not match the recipient window's origin ('https://www.google.com').", source: https://www.youtube.com/s/player/5bdfe6d5/www-widgetapi.vflset/www-widgetapi.js (1258)
[1112/163016.530:INFO:CONSOLE(0)] "Error with Permissions-Policy header: Origin trial controlled feature not enabled: 'unload'.", source:  (0)
[1112/163016.721:INFO:CONSOLE(1258)] "Failed to execute 'postMessage' on 'DOMWindow': The target origin provided ('https://www.youtube.com') does not match the recipient window's origin ('https://www.google.com').", source: https://www.youtube.com/s/player/5bdfe6d5/www-widgetapi.vflset/www-widgetapi.js (1258)
[1112/163016.764:INFO:CONSOLE(1258)] "Failed to execute 'postMessage' on 'DOMWindow': The target origin provided ('https://www.youtube.com') does not match the recipient window's origin ('https://www.google.com').", source: https://www.youtube.com/s/player/5bdfe6d5/www-widgetapi.vflset/www-widgetapi.js (1258)
[1112/163016.826:INFO:CONSOLE(1258)] "Failed to execute 'postMessage' on 'DOMWindow': The target origin provided ('https://www.youtube.com') does not match the recipient window's origin ('https://www.google.com').", source: https://www.youtube.com/s/player/5bdfe6d5/www-widgetapi.vflset/www-widgetapi.js (1258)
[1112/163016.958:INFO:CONSOLE(1258)] "Failed to execute 'postMessage' on 'DOMWindow': The target origin provided ('https://www.youtube.com') does not match the recipient window's origin ('https://www.google.com').", source: https://www.youtube.com/s/player/5bdfe6d5/www-widgetapi.vflset/www-widgetapi.js (1258)
[1112/163017.020:INFO:CONSOLE(1258)] "Failed to execute 'postMessage' on 'DOMWindow': The target origin provided ('https://www.youtube.com') does not match the recipient window's origin ('https://www.google.com').", source: https://www.youtube.com/s/player/5bdfe6d5/www-widgetapi.vflset/www-widgetapi.js (1258)
[1112/163017.165:INFO:CONSOLE(1258)] "Failed to execute 'postMessage' on 'DOMWindow': The target origin provided ('https://www.youtube.com') does not match the recipient window's origin ('https://www.google.com').", source: https://www.youtube.com/s/player/5bdfe6d5/www-widgetapi.vflset/www-widgetapi.js (1258)
[1112/163017.452:INFO:CONSOLE(0)] "Error with Permissions-Policy header: Origin trial controlled feature not enabled: 'unload'.", source:  (0)
[1112/163018.139:INFO:CONSOLE(0)] "Error with Permissions-Policy header: Origin trial controlled feature not enabled: 'unload'.", source:  (0)
[1112/163018.335:INFO:CONSOLE(1258)] "Failed to execute 'postMessage' on 'DOMWindow': The target origin provided ('https://www.youtube.com') does not match the recipient window's origin ('https://www.google.com').", source: https://www.youtube.com/s/player/5bdfe6d5/www-widgetapi.vflset/www-widgetapi.js (1258)
[1112/163018.632:INFO:CONSOLE(1258)] "Failed to execute 'postMessage' on 'DOMWindow': The target origin provided ('https://www.youtube.com') does not match the recipient window's origin ('https://www.google.com').", source: https://www.youtube.com/s/player/5bdfe6d5/www-widgetapi.vflset/www-widgetapi.js (1258)
[1112/163018.758:INFO:CONSOLE(1258)] "Failed to execute 'postMessage' on 'DOMWindow': The target origin provided ('https://www.youtube.com') does not match the recipient window's origin ('https://www.google.com').", source: https://www.youtube.com/s/player/5bdfe6d5/www-widgetapi.vflset/www-widgetapi.js (1258)
[1112/163018.926:INFO:CONSOLE(1258)] "Failed to execute 'postMessage' on 'DOMWindow': The target origin provided ('https://www.youtube.com') does not match the recipient window's origin ('https://www.google.com').", source: https://www.youtube.com/s/player/5bdfe6d5/www-widgetapi.vflset/www-widgetapi.js (1258)
[1112/163018.929:INFO:CONSOLE(1258)] "Failed to execute 'postMessage' on 'DOMWindow': The target origin provided ('https://www.youtube.com') does not match the recipient window's origin ('https://www.google.com').", source: https://www.youtube.com/s/player/5bdfe6d5/www-widgetapi.vflset/www-widgetapi.js (1258)
[1112/163019.162:INFO:CONSOLE(0)] "Error with Permissions-Policy header: Origin trial controlled feature not enabled: 'unload'.", source:  (0)
[1112/163019.360:INFO:CONSOLE(1258)] "Failed to execute 'postMessage' on 'DOMWindow': The target origin provided ('https://www.youtube.com') does not match the recipient window's origin ('https://www.google.com').", source: https://www.youtube.com/s/player/5bdfe6d5/www-widgetapi.vflset/www-widgetapi.js (1258)
[1112/163019.372:INFO:CONSOLE(1258)] "Failed to execute 'postMessage' on 'DOMWindow': The target origin provided ('https://www.youtube.com') does not match the recipient window's origin ('https://www.google.com').", source: https://www.youtube.com/s/player/5bdfe6d5/www-widgetapi.vflset/www-widgetapi.js (1258)
[1112/163019.419:INFO:CONSOLE(1258)] "Failed to execute 'postMessage' on 'DOMWindow': The target origin provided ('https://www.youtube.com') does not match the recipient window's origin ('https://www.google.com').", source: https://www.youtube.com/s/player/5bdfe6d5/www-widgetapi.vflset/www-widgetapi.js (1258)
[1112/163019.535:INFO:CONSOLE(1258)] "Failed to execute 'postMessage' on 'DOMWindow': The target origin provided ('https://www.youtube.com') does not match the recipient window's origin ('https://www.google.com').", source: https://www.youtube.com/s/player/5bdfe6d5/www-widgetapi.vflset/www-widgetapi.js (1258)
[1112/163019.595:INFO:CONSOLE(0)] "Error with Permissions-Policy header: Origin trial controlled feature not enabled: 'unload'.", source:  (0)
[1112/163020.214:INFO:CONSOLE(1258)] "Failed to execute 'postMessage' on 'DOMWindow': The target origin provided ('https://www.youtube.com') does not match the recipient window's origin ('https://www.google.com').", source: https://www.youtube.com/s/player/5bdfe6d5/www-widgetapi.vflset/www-widgetapi.js (1258)
[1112/163020.364:INFO:CONSOLE(0)] "Error with Permissions-Policy header: Origin trial controlled feature not enabled: 'unload'.", source:  (0)
[1112/163020.939:INFO:CONSOLE(1258)] "Failed to execute 'postMessage' on 'DOMWindow': The target origin provided ('https://www.youtube.com') does not match the recipient window's origin ('https://www.google.com').", source: https://www.youtube.com/s/player/5bdfe6d5/www-widgetapi.vflset/www-widgetapi.js (1258)
[1112/163020.998:INFO:CONSOLE(1258)] "Failed to execute 'postMessage' on 'DOMWindow': The target origin provided ('https://www.youtube.com') does not match the recipient window's origin ('https://www.google.com').", source: https://www.youtube.com/s/player/5bdfe6d5/www-widgetapi.vflset/www-widgetapi.js (1258)
[1112/163021.132:INFO:CONSOLE(1258)] "Failed to execute 'postMessage' on 'DOMWindow': The target origin provided ('https://www.youtube.com') does not match the recipient window's origin ('https://www.google.com').", source: https://www.youtube.com/s/player/5bdfe6d5/www-widgetapi.vflset/www-widgetapi.js (1258)
[1112/163021.172:INFO:CONSOLE(1258)] "Failed to execute 'postMessage' on 'DOMWindow': The target origin provided ('https://www.youtube.com') does not match the recipient window's origin ('https://www.google.com').", source: https://www.youtube.com/s/player/5bdfe6d5/www-widgetapi.vflset/www-widgetapi.js (1258)
[1112/163021.225:INFO:CONSOLE(1258)] "Failed to execute 'postMessage' on 'DOMWindow': The target origin provided ('https://www.youtube.com') does not match the recipient window's origin ('https://www.google.com').", source: https://www.youtube.com/s/player/5bdfe6d5/www-widgetapi.vflset/www-widgetapi.js (1258)
[1112/163021.265:INFO:CONSOLE(1258)] "Failed to execute 'postMessage' on 'DOMWindow': The target origin provided ('https://www.youtube.com') does not match the recipient window's origin ('https://www.google.com').", source: https://www.youtube.com/s/player/5bdfe6d5/www-widgetapi.vflset/www-widgetapi.js (1258)
[1112/163021.443:INFO:CONSOLE(1258)] "Failed to execute 'postMessage' on 'DOMWindow': The target origin provided ('https://www.youtube.com') does not match the recipient window's origin ('https://www.google.com').", source: https://www.youtube.com/s/player/5bdfe6d5/www-widgetapi.vflset/www-widgetapi.js (1258)
[1112/163021.719:INFO:CONSOLE(1258)] "Failed to execute 'postMessage' on 'DOMWindow': The target origin provided ('https://www.youtube.com') does not match the recipient window's origin ('https://www.google.com').", source: https://www.youtube.com/s/player/5bdfe6d5/www-widgetapi.vflset/www-widgetapi.js (1258)
[1112/163021.768:INFO:CONSOLE(0)] "Error with Permissions-Policy header: Origin trial controlled feature not enabled: 'unload'.", source:  (0)
[1112/163022.174:INFO:CONSOLE(1258)] "Failed to execute 'postMessage' on 'DOMWindow': The target origin provided ('https://www.youtube.com') does not match the recipient window's origin ('https://www.google.com').", source: https://www.youtube.com/s/player/5bdfe6d5/www-widgetapi.vflset/www-widgetapi.js (1258)
[1112/163022.205:INFO:CONSOLE(0)] "Error with Permissions-Policy header: Origin trial controlled feature not enabled: 'unload'.", source:  (0)
[1112/163022.664:INFO:CONSOLE(1258)] "Failed to execute 'postMessage' on 'DOMWindow': The target origin provided ('https://www.youtube.com') does not match the recipient window's origin ('https://www.google.com').", source: https://www.youtube.com/s/player/5bdfe6d5/www-widgetapi.vflset/www-widgetapi.js (1258)
[1112/163022.749:INFO:CONSOLE(1258)] "Failed to execute 'postMessage' on 'DOMWindow': The target origin provided ('https://www.youtube.com') does not match the recipient window's origin ('https://www.google.com').", source: https://www.youtube.com/s/player/5bdfe6d5/www-widgetapi.vflset/www-widgetapi.js (1258)
[1112/163022.807:INFO:CONSOLE(1258)] "Failed to execute 'postMessage' on 'DOMWindow': The target origin provided ('https://www.youtube.com') does not match the recipient window's origin ('https://www.google.com').", source: https://www.youtube.com/s/player/5bdfe6d5/www-widgetapi.vflset/www-widgetapi.js (1258)
[1112/163022.908:INFO:CONSOLE(1258)] "Failed to execute 'postMessage' on 'DOMWindow': The target origin provided ('https://www.youtube.com') does not match the recipient window's origin ('https://www.google.com').", source: https://www.youtube.com/s/player/5bdfe6d5/www-widgetapi.vflset/www-widgetapi.js (1258)
[1112/163023.135:INFO:CONSOLE(0)] "Error with Permissions-Policy header: Origin trial controlled feature not enabled: 'unload'.", source:  (0)
[1112/163023.403:INFO:CONSOLE(1258)] "Failed to execute 'postMessage' on 'DOMWindow': The target origin provided ('https://www.youtube.com') does not match the recipient window's origin ('https://www.google.com').", source: https://www.youtube.com/s/player/5bdfe6d5/www-widgetapi.vflset/www-widgetapi.js (1258)
[1112/163023.512:INFO:CONSOLE(1258)] "Failed to execute 'postMessage' on 'DOMWindow': The target origin provided ('https://www.youtube.com') does not match the recipient window's origin ('https://www.google.com').", source: https://www.youtube.com/s/player/5bdfe6d5/www-widgetapi.vflset/www-widgetapi.js (1258)
[1112/163023.674:INFO:CONSOLE(1258)] "Failed to execute 'postMessage' on 'DOMWindow': The target origin provided ('https://www.youtube.com') does not match the recipient window's origin ('https://www.google.com').", source: https://www.youtube.com/s/player/5bdfe6d5/www-widgetapi.vflset/www-widgetapi.js (1258)
[1112/163024.318:INFO:CONSOLE(1258)] "Failed to execute 'postMessage' on 'DOMWindow': The target origin provided ('https://www.youtube.com') does not match the recipient window's origin ('https://www.google.com').", source: https://www.youtube.com/s/player/5bdfe6d5/www-widgetapi.vflset/www-widgetapi.js (1258)
[1112/163024.682:INFO:CONSOLE(1258)] "Failed to execute 'postMessage' on 'DOMWindow': The target origin provided ('https://www.youtube.com') does not match the recipient window's origin ('https://www.google.com').", source: https://www.youtube.com/s/player/5bdfe6d5/www-widgetapi.vflset/www-widgetapi.js (1258)
[1112/163024.823:WARNING:browser_info.cc(309)] Returning a speculative frame for 283467841541 [66,5]
[1112/163024.851:INFO:CONSOLE(1258)] "Failed to execute 'postMessage' on 'DOMWindow': The target origin provided ('https://www.youtube.com') does not match the recipient window's origin ('https://www.google.com').", source: https://www.youtube.com/s/player/5bdfe6d5/www-widgetapi.vflset/www-widgetapi.js (1258)
[1112/163024.857:INFO:CONSOLE(1258)] "Failed to execute 'postMessage' on 'DOMWindow': The target origin provided ('https://www.youtube.com') does not match the recipient window's origin ('https://www.google.com').", source: https://www.youtube.com/s/player/5bdfe6d5/www-widgetapi.vflset/www-widgetapi.js (1258)
[1112/163025.183:INFO:CONSOLE(1258)] "Failed to execute 'postMessage' on 'DOMWindow': The target origin provided ('https://www.youtube.com') does not match the recipient window's origin ('https://www.google.com').", source: https://www.youtube.com/s/player/5bdfe6d5/www-widgetapi.vflset/www-widgetapi.js (1258)
[1112/163025.187:INFO:CONSOLE(0)] "Error with Permissions-Policy header: Unrecognized feature: 'ch-ua-form-factor'.", source:  (0)
[1112/163025.491:INFO:CONSOLE(1258)] "Failed to execute 'postMessage' on 'DOMWindow': The target origin provided ('https://www.youtube.com') does not match the recipient window's origin ('https://www.google.com').", source: https://www.youtube.com/s/player/5bdfe6d5/www-widgetapi.vflset/www-widgetapi.js (1258)
[1112/163032.552:INFO:CONSOLE(0)] "Error with Permissions-Policy header: Unrecognized feature: 'ch-ua-form-factor'.", source:  (0)
[1112/163033.120:WARNING:frame_impl.cc(420)] SendProcessMessage sent to detached frame 283467841543 [66,7] will be ignored
[1112/163033.120:WARNING:frame_impl.cc(420)] SendProcessMessage sent to detached frame 283467841543 [66,7] will be ignored
[1112/163103.881:WARNING:frame_impl.cc(420)] SendProcessMessage sent to detached frame 283467841541 [66,5] will be ignored
[1112/163104.306:WARNING:frame_impl.cc(420)] SendProcessMessage sent to detached frame 158913789957 [37,5] will be ignored
[1112/163107.973:WARNING:frame_impl.cc(420)] SendProcessMessage sent to detached frame 171798691845 [40,5] will be ignored
[1112/163107.986:WARNING:frame_impl.cc(420)] SendProcessMessage sent to detached frame 171798691844 [40,4] will be ignored
[1112/163119.425:WARNING:frame_impl.cc(420)] SendProcessMessage sent to detached frame 180388626437 [42,5] will be ignored
[1112/163212.101:WARNING:frame_impl.cc(420)] SendProcessMessage sent to detached frame 257698037765 [60,5] will be ignored
[1112/163222.743:INFO:CONSOLE(0)] "Error with Permissions-Policy header: Origin trial controlled feature not enabled: 'unload'.", source:  (0)
[1112/163223.677:INFO:CONSOLE(0)] "Error with Permissions-Policy header: Unrecognized feature: 'ch-ua-form-factor'.", source:  (0)
[1112/163305.862:INFO:CONSOLE(0)] "Error with Permissions-Policy header: Origin trial controlled feature not enabled: 'unload'.", source:  (0)
[1112/163319.018:INFO:CONSOLE(0)] "Error with Permissions-Policy header: Origin trial controlled feature not enabled: 'unload'.", source:  (0)
[1112/163319.055:INFO:CONSOLE(0)] "Error with Permissions-Policy header: Origin trial controlled feature not enabled: 'unload'.", source:  (0)
[1112/163319.427:INFO:CONSOLE(0)] "Error with Permissions-Policy header: Origin trial controlled feature not enabled: 'unload'.", source:  (0)
[1112/163319.661:INFO:CONSOLE(0)] "Error with Permissions-Policy header: Origin trial controlled feature not enabled: 'unload'.", source:  (0)
[1112/163320.346:INFO:CONSOLE(0)] "Error with Permissions-Policy header: Origin trial controlled feature not enabled: 'unload'.", source:  (0)
[1112/163320.616:INFO:CONSOLE(0)] "Error with Permissions-Policy header: Origin trial controlled feature not enabled: 'unload'.", source:  (0)
[1112/163320.922:INFO:CONSOLE(0)] "Error with Permissions-Policy header: Origin trial controlled feature not enabled: 'unload'.", source:  (0)
[1112/163321.146:INFO:CONSOLE(0)] "Error with Permissions-Policy header: Origin trial controlled feature not enabled: 'unload'.", source:  (0)
[1112/163322.791:INFO:CONSOLE(0)] "Error with Permissions-Policy header: Origin trial controlled feature not enabled: 'unload'.", source:  (0)
[1112/163323.124:INFO:CONSOLE(0)] "Error with Permissions-Policy header: Origin trial controlled feature not enabled: 'unload'.", source:  (0)
[1112/163323.980:INFO:CONSOLE(0)] "Error with Permissions-Policy header: Origin trial controlled feature not enabled: 'unload'.", source:  (0)
[1112/163324.256:INFO:CONSOLE(0)] "Error with Permissions-Policy header: Origin trial controlled feature not enabled: 'unload'.", source:  (0)
[1112/163324.795:INFO:CONSOLE(0)] "Error with Permissions-Policy header: Origin trial controlled feature not enabled: 'unload'.", source:  (0)
[1112/163325.554:INFO:CONSOLE(0)] "Error with Permissions-Policy header: Origin trial controlled feature not enabled: 'unload'.", source:  (0)
[1112/163326.459:INFO:CONSOLE(0)] "Error with Permissions-Policy header: Origin trial controlled feature not enabled: 'unload'.", source:  (0)
[1112/163326.858:INFO:CONSOLE(0)] "Error with Permissions-Policy header: Origin trial controlled feature not enabled: 'unload'.", source:  (0)
[1112/163327.339:INFO:CONSOLE(0)] "Error with Permissions-Policy header: Origin trial controlled feature not enabled: 'unload'.", source:  (0)
[1112/163328.879:WARNING:angle_platform_impl.cc(48)] HLSLCompiler.cpp:244 (compileToBinary): 
C:\fakepath(143,3-70): warning X3557: loop only executes for 1 iteration(s), forcing loop to unroll

[1112/163329.010:INFO:CONSOLE(0)] "Error with Permissions-Policy header: Origin trial controlled feature not enabled: 'unload'.", source:  (0)
[1112/163331.416:INFO:CONSOLE(0)] "Error with Permissions-Policy header: Origin trial controlled feature not enabled: 'unload'.", source:  (0)
[1112/163332.655:INFO:CONSOLE(0)] "Error with Permissions-Policy header: Origin trial controlled feature not enabled: 'unload'.", source:  (0)
[1112/163333.109:INFO:CONSOLE(0)] "Error with Permissions-Policy header: Origin trial controlled feature not enabled: 'unload'.", source:  (0)
[1112/163333.991:INFO:CONSOLE(0)] "Error with Permissions-Policy header: Origin trial controlled feature not enabled: 'unload'.", source:  (0)
[1112/163334.376:INFO:CONSOLE(0)] "Error with Permissions-Policy header: Origin trial controlled feature not enabled: 'unload'.", source:  (0)
[1112/163335.260:INFO:CONSOLE(0)] "Error with Permissions-Policy header: Origin trial controlled feature not enabled: 'unload'.", source:  (0)
[1112/163335.925:INFO:CONSOLE(0)] "Error with Permissions-Policy header: Origin trial controlled feature not enabled: 'unload'.", source:  (0)
[1112/163336.660:INFO:CONSOLE(0)] "Error with Permissions-Policy header: Origin trial controlled feature not enabled: 'unload'.", source:  (0)
[1112/163337.626:INFO:CONSOLE(0)] "Error with Permissions-Policy header: Origin trial controlled feature not enabled: 'unload'.", source:  (0)
[1112/163338.629:INFO:CONSOLE(0)] "Error with Permissions-Policy header: Origin trial controlled feature not enabled: 'unload'.", source:  (0)
[1112/163338.964:INFO:CONSOLE(0)] "Error with Permissions-Policy header: Origin trial controlled feature not enabled: 'unload'.", source:  (0)
[1112/163602.046:WARNING:sqlite_persistent_store_backend_base.cc(159)] Failed to post task from FlushAndNotifyInBackground@net\extras\sqlite\sqlite_persistent_store_backend_base.cc:207 to client_task_runner_.
[1112/163602.047:WARNING:sqlite_persistent_store_backend_base.cc(159)] Failed to post task from FlushAndNotifyInBackground@net\extras\sqlite\sqlite_persistent_store_backend_base.cc:207 to client_task_runner_.
[1112/170740.239:WARNING:chrome_browser_cloud_management_controller.cc(87)] Could not create policy manager as CBCM is not enabled.
[1112/170743.197:WARNING:browser_info.cc(309)] Returning a speculative frame for 25769803781 [6,5]
[1112/170743.213:WARNING:browser_info.cc(309)] Returning a speculative frame for 25769803781 [6,5]
[1112/170743.214:WARNING:browser_info.cc(309)] Returning a speculative frame for 25769803781 [6,5]
[1112/170743.219:WARNING:browser_info.cc(309)] Returning a speculative frame for 25769803781 [6,5]
[1112/170743.225:INFO:CONSOLE(0)] "Access to XMLHttpRequest at 'file:///C:/Users/terry/source/repos/Baby/WebPages/menu.html' from origin 'null' has been blocked by CORS policy: Cross origin requests are only supported for protocol schemes: http, baby, data, chrome-extension, chrome, https, chrome-untrusted.", source: file:///C:/Users/terry/source/repos/Baby/WebPages/index.html (0)
[1112/170743.226:INFO:CONSOLE(0)] "Access to XMLHttpRequest at 'file:///C:/Users/terry/source/repos/Baby/WebPages/footer.html' from origin 'null' has been blocked by CORS policy: Cross origin requests are only supported for protocol schemes: http, baby, data, chrome-extension, chrome, https, chrome-untrusted.", source: file:///C:/Users/terry/source/repos/Baby/WebPages/index.html (0)
[1112/170743.395:WARNING:browser_info.cc(309)] Returning a speculative frame for 25769803781 [6,5]
[1112/172426.176:WARNING:chrome_browser_cloud_management_controller.cc(87)] Could not create policy manager as CBCM is not enabled.
[1112/172428.946:INFO:CONSOLE(0)] "Access to XMLHttpRequest at 'file:///C:/Users/terry/source/repos/Baby/WebPages/menu.html' from origin 'null' has been blocked by CORS policy: Cross origin requests are only supported for protocol schemes: http, baby, data, chrome-extension, chrome, https, chrome-untrusted.", source: file:///C:/Users/terry/source/repos/Baby/WebPages/index.html (0)
[1112/172428.956:INFO:CONSOLE(0)] "Access to XMLHttpRequest at 'file:///C:/Users/terry/source/repos/Baby/WebPages/footer.html' from origin 'null' has been blocked by CORS policy: Cross origin requests are only supported for protocol schemes: http, baby, data, chrome-extension, chrome, https, chrome-untrusted.", source: file:///C:/Users/terry/source/repos/Baby/WebPages/index.html (0)
[1112/172429.114:WARNING:browser_info.cc(309)] Returning a speculative frame for 25769803781 [6,5]
[1112/172429.210:WARNING:browser_info.cc(309)] Returning a speculative frame for 25769803781 [6,5]
[1112/172429.211:WARNING:browser_info.cc(309)] Returning a speculative frame for 25769803781 [6,5]
[1112/172429.211:WARNING:browser_info.cc(309)] Returning a speculative frame for 25769803781 [6,5]
[1112/172429.211:WARNING:browser_info.cc(309)] Returning a speculative frame for 25769803781 [6,5]
[1112/172433.028:ERROR:ssl_client_socket_impl.cc(992)] handshake failed; returned -1, SSL error code 1, net_error -101
[1112/172444.997:WARNING:frame_impl.cc(420)] SendProcessMessage sent to detached frame 25769803781 [6,5] will be ignored
[1112/180837.122:WARNING:policy_logger.cc(151)] :components\enterprise\browser\controller\chrome_browser_cloud_management_controller.cc(88) Could not create policy manager as CBCM is not enabled.
[1112/180840.405:WARNING:browser_info.cc(309)] Returning a speculative frame for 25769803781 [6,5]
[1112/180840.513:INFO:CONSOLE(0)] "Access to XMLHttpRequest at 'file:///C:/Users/terry/source/repos/Baby/WebPages/menu.html' from origin 'null' has been blocked by CORS policy: Cross origin requests are only supported for protocol schemes: http, baby, data, chrome-extension, chrome, https, chrome-untrusted.", source: file:///C:/Users/terry/source/repos/Baby/WebPages/index.html (0)
[1112/180840.515:INFO:CONSOLE(0)] "Access to XMLHttpRequest at 'file:///C:/Users/terry/source/repos/Baby/WebPages/footer.html' from origin 'null' has been blocked by CORS policy: Cross origin requests are only supported for protocol schemes: http, baby, data, chrome-extension, chrome, https, chrome-untrusted.", source: file:///C:/Users/terry/source/repos/Baby/WebPages/index.html (0)
[1112/180841.047:WARNING:browser_info.cc(309)] Returning a speculative frame for 25769803781 [6,5]
[1112/180841.048:WARNING:browser_info.cc(309)] Returning a speculative frame for 25769803781 [6,5]
[1112/180841.048:WARNING:browser_info.cc(309)] Returning a speculative frame for 25769803781 [6,5]
[1112/180841.048:WARNING:browser_info.cc(309)] Returning a speculative frame for 25769803781 [6,5]
[1112/180841.503:INFO:CONSOLE(295)] "Search endpoint requested!", source: https://maps.gstatic.com/maps-api-v3/embed/js/54/12a/init_embed.js (295)
[1112/183224.623:WARNING:policy_logger.cc(151)] :components\enterprise\browser\controller\chrome_browser_cloud_management_controller.cc(88) Could not create policy manager as CBCM is not enabled.
[1112/183227.238:INFO:CONSOLE(0)] "Access to XMLHttpRequest at 'file:///C:/Users/terry/source/repos/Baby/WebPages/menu.html' from origin 'null' has been blocked by CORS policy: Cross origin requests are only supported for protocol schemes: http, baby, data, chrome-extension, chrome, https, chrome-untrusted.", source: file:///C:/Users/terry/source/repos/Baby/WebPages/index.html (0)
[1112/183227.239:INFO:CONSOLE(0)] "Access to XMLHttpRequest at 'file:///C:/Users/terry/source/repos/Baby/WebPages/footer.html' from origin 'null' has been blocked by CORS policy: Cross origin requests are only supported for protocol schemes: http, baby, data, chrome-extension, chrome, https, chrome-untrusted.", source: file:///C:/Users/terry/source/repos/Baby/WebPages/index.html (0)
[1112/183227.435:WARNING:browser_info.cc(309)] Returning a speculative frame for 25769803781 [6,5]
[1112/183227.438:WARNING:browser_info.cc(309)] Returning a speculative frame for 25769803781 [6,5]
[1112/183227.438:WARNING:browser_info.cc(309)] Returning a speculative frame for 25769803781 [6,5]
[1112/183227.438:WARNING:browser_info.cc(309)] Returning a speculative frame for 25769803781 [6,5]
[1112/183227.754:WARNING:browser_info.cc(309)] Returning a speculative frame for 25769803781 [6,5]
[1112/183227.995:INFO:CONSOLE(295)] "Search endpoint requested!", source: https://maps.gstatic.com/maps-api-v3/embed/js/54/12a/init_embed.js (295)
[1112/201151.036:WARNING:policy_logger.cc(151)] :components\enterprise\browser\controller\chrome_browser_cloud_management_controller.cc(88) Could not create policy manager as CBCM is not enabled.
[1112/201153.870:INFO:CONSOLE(0)] "Access to XMLHttpRequest at 'file:///C:/Users/terry/source/repos/Baby/WebPages/menu.html' from origin 'null' has been blocked by CORS policy: Cross origin requests are only supported for protocol schemes: http, baby, data, chrome-extension, chrome, https, chrome-untrusted.", source: file:///C:/Users/terry/source/repos/Baby/WebPages/index.html (0)
[1112/201153.870:INFO:CONSOLE(0)] "Access to XMLHttpRequest at 'file:///C:/Users/terry/source/repos/Baby/WebPages/footer.html' from origin 'null' has been blocked by CORS policy: Cross origin requests are only supported for protocol schemes: http, baby, data, chrome-extension, chrome, https, chrome-untrusted.", source: file:///C:/Users/terry/source/repos/Baby/WebPages/index.html (0)
[1112/201154.142:WARNING:browser_info.cc(309)] Returning a speculative frame for 25769803781 [6,5]
[1112/201154.147:WARNING:browser_info.cc(309)] Returning a speculative frame for 25769803781 [6,5]
[1112/201154.148:WARNING:browser_info.cc(309)] Returning a speculative frame for 25769803781 [6,5]
[1112/201154.151:WARNING:browser_info.cc(309)] Returning a speculative frame for 25769803781 [6,5]
[1112/201154.481:WARNING:browser_info.cc(309)] Returning a speculative frame for 25769803781 [6,5]
[1114/215032.086:WARNING:policy_logger.cc(151)] :components\enterprise\browser\controller\chrome_browser_cloud_management_controller.cc(88) Could not create policy manager as CBCM is not enabled.
[1114/215035.675:WARNING:browser_info.cc(309)] Returning a speculative frame for 25769803781 [6,5]
[1114/215035.804:INFO:CONSOLE(0)] "Access to XMLHttpRequest at 'file:///C:/Users/terry/source/repos/Baby/WebPages/menu.html' from origin 'null' has been blocked by CORS policy: Cross origin requests are only supported for protocol schemes: http, baby, data, chrome-extension, chrome, https, chrome-untrusted.", source: file:///C:/Users/terry/source/repos/Baby/WebPages/index.html (0)
[1114/215035.812:INFO:CONSOLE(0)] "Access to XMLHttpRequest at 'file:///C:/Users/terry/source/repos/Baby/WebPages/footer.html' from origin 'null' has been blocked by CORS policy: Cross origin requests are only supported for protocol schemes: http, baby, data, chrome-extension, chrome, https, chrome-untrusted.", source: file:///C:/Users/terry/source/repos/Baby/WebPages/index.html (0)
[1114/215036.060:WARNING:browser_info.cc(309)] Returning a speculative frame for 25769803781 [6,5]
[1114/215036.061:WARNING:browser_info.cc(309)] Returning a speculative frame for 25769803781 [6,5]
[1114/215036.061:WARNING:browser_info.cc(309)] Returning a speculative frame for 25769803781 [6,5]
[1114/215036.062:WARNING:browser_info.cc(309)] Returning a speculative frame for 25769803781 [6,5]
[1115/033118.497:WARNING:policy_logger.cc(151)] :components\enterprise\browser\controller\chrome_browser_cloud_management_controller.cc(88) Could not create policy manager as CBCM is not enabled.
[1115/033123.184:INFO:CONSOLE(0)] "Access to XMLHttpRequest at 'file:///C:/Users/terry/source/repos/Baby/WebPages/menu.html' from origin 'null' has been blocked by CORS policy: Cross origin requests are only supported for protocol schemes: http, baby, data, chrome-extension, chrome, https, chrome-untrusted.", source: file:///C:/Users/terry/source/repos/Baby/WebPages/index.html (0)
[1115/033123.198:INFO:CONSOLE(0)] "Access to XMLHttpRequest at 'file:///C:/Users/terry/source/repos/Baby/WebPages/footer.html' from origin 'null' has been blocked by CORS policy: Cross origin requests are only supported for protocol schemes: http, baby, data, chrome-extension, chrome, https, chrome-untrusted.", source: file:///C:/Users/terry/source/repos/Baby/WebPages/index.html (0)
[1115/033123.797:WARNING:browser_info.cc(309)] Returning a speculative frame for 25769803781 [6,5]
[1115/033123.811:WARNING:browser_info.cc(309)] Returning a speculative frame for 25769803781 [6,5]
[1115/033123.811:WARNING:browser_info.cc(309)] Returning a speculative frame for 25769803781 [6,5]
[1115/033123.866:WARNING:browser_info.cc(309)] Returning a speculative frame for 25769803781 [6,5]
[1115/033126.882:WARNING:browser_info.cc(309)] Returning a speculative frame for 25769803781 [6,5]
[1115/033206.881:WARNING:frame_impl.cc(420)] SendProcessMessage sent to detached frame 25769803781 [6,5] will be ignored
[1115/045852.312:WARNING:policy_logger.cc(151)] :components\enterprise\browser\controller\chrome_browser_cloud_management_controller.cc(88) Could not create policy manager as CBCM is not enabled.
[1115/045856.187:INFO:CONSOLE(0)] "Access to XMLHttpRequest at 'file:///C:/Users/terry/source/repos/Baby/WebPages/menu.html' from origin 'null' has been blocked by CORS policy: Cross origin requests are only supported for protocol schemes: http, baby, data, chrome-extension, chrome, https, chrome-untrusted.", source: file:///C:/Users/terry/source/repos/Baby/WebPages/index.html (0)
[1115/045856.187:INFO:CONSOLE(0)] "Access to XMLHttpRequest at 'file:///C:/Users/terry/source/repos/Baby/WebPages/footer.html' from origin 'null' has been blocked by CORS policy: Cross origin requests are only supported for protocol schemes: http, baby, data, chrome-extension, chrome, https, chrome-untrusted.", source: file:///C:/Users/terry/source/repos/Baby/WebPages/index.html (0)
[1115/045856.445:WARNING:browser_info.cc(309)] Returning a speculative frame for 25769803781 [6,5]
[1115/045856.447:WARNING:browser_info.cc(309)] Returning a speculative frame for 25769803781 [6,5]
[1115/045856.447:WARNING:browser_info.cc(309)] Returning a speculative frame for 25769803781 [6,5]
[1115/045856.448:WARNING:browser_info.cc(309)] Returning a speculative frame for 25769803781 [6,5]
[1115/045856.557:WARNING:browser_info.cc(309)] Returning a speculative frame for 25769803781 [6,5]
[1115/050537.375:WARNING:policy_logger.cc(151)] :components\enterprise\browser\controller\chrome_browser_cloud_management_controller.cc(88) Could not create policy manager as CBCM is not enabled.
[1115/050539.770:INFO:CONSOLE(0)] "Access to XMLHttpRequest at 'file:///C:/Users/terry/source/repos/Baby/WebPages/menu.html' from origin 'null' has been blocked by CORS policy: Cross origin requests are only supported for protocol schemes: http, baby, data, chrome-extension, chrome, https, chrome-untrusted.", source: file:///C:/Users/terry/source/repos/Baby/WebPages/index.html (0)
[1115/050539.771:INFO:CONSOLE(0)] "Access to XMLHttpRequest at 'file:///C:/Users/terry/source/repos/Baby/WebPages/footer.html' from origin 'null' has been blocked by CORS policy: Cross origin requests are only supported for protocol schemes: http, baby, data, chrome-extension, chrome, https, chrome-untrusted.", source: file:///C:/Users/terry/source/repos/Baby/WebPages/index.html (0)
[1115/050539.781:WARNING:browser_info.cc(309)] Returning a speculative frame for 25769803781 [6,5]
[1115/050539.984:WARNING:browser_info.cc(309)] Returning a speculative frame for 25769803781 [6,5]
[1115/050539.985:WARNING:browser_info.cc(309)] Returning a speculative frame for 25769803781 [6,5]
[1115/050539.985:WARNING:browser_info.cc(309)] Returning a speculative frame for 25769803781 [6,5]
[1115/050539.986:WARNING:browser_info.cc(309)] Returning a speculative frame for 25769803781 [6,5]
[1115/050620.910:WARNING:frame_impl.cc(420)] SendProcessMessage sent to detached frame 25769803781 [6,5] will be ignored
[1115/050712.352:WARNING:policy_logger.cc(151)] :components\enterprise\browser\controller\chrome_browser_cloud_management_controller.cc(88) Could not create policy manager as CBCM is not enabled.
[1115/050715.257:INFO:CONSOLE(0)] "Access to XMLHttpRequest at 'file:///C:/Users/terry/source/repos/Baby/WebPages/menu.html' from origin 'null' has been blocked by CORS policy: Cross origin requests are only supported for protocol schemes: http, baby, data, chrome-extension, chrome, https, chrome-untrusted.", source: file:///C:/Users/terry/source/repos/Baby/WebPages/index.html (0)
[1115/050715.265:INFO:CONSOLE(0)] "Access to XMLHttpRequest at 'file:///C:/Users/terry/source/repos/Baby/WebPages/footer.html' from origin 'null' has been blocked by CORS policy: Cross origin requests are only supported for protocol schemes: http, baby, data, chrome-extension, chrome, https, chrome-untrusted.", source: file:///C:/Users/terry/source/repos/Baby/WebPages/index.html (0)
[1115/050715.509:WARNING:browser_info.cc(309)] Returning a speculative frame for 25769803781 [6,5]
[1115/050715.531:WARNING:browser_info.cc(309)] Returning a speculative frame for 25769803781 [6,5]
[1115/050715.531:WARNING:browser_info.cc(309)] Returning a speculative frame for 25769803781 [6,5]
[1115/050715.580:WARNING:browser_info.cc(309)] Returning a speculative frame for 25769803781 [6,5]
[1115/050716.877:WARNING:browser_info.cc(309)] Returning a speculative frame for 25769803781 [6,5]
[1115/051231.560:WARNING:policy_logger.cc(151)] :components\enterprise\browser\controller\chrome_browser_cloud_management_controller.cc(88) Could not create policy manager as CBCM is not enabled.
[1115/051233.905:INFO:CONSOLE(0)] "Access to XMLHttpRequest at 'file:///C:/Users/terry/source/repos/Baby/WebPages/menu.html' from origin 'null' has been blocked by CORS policy: Cross origin requests are only supported for protocol schemes: http, baby, data, chrome-extension, chrome, https, chrome-untrusted.", source: file:///C:/Users/terry/source/repos/Baby/WebPages/index.html (0)
[1115/051233.907:INFO:CONSOLE(0)] "Access to XMLHttpRequest at 'file:///C:/Users/terry/source/repos/Baby/WebPages/footer.html' from origin 'null' has been blocked by CORS policy: Cross origin requests are only supported for protocol schemes: http, baby, data, chrome-extension, chrome, https, chrome-untrusted.", source: file:///C:/Users/terry/source/repos/Baby/WebPages/index.html (0)
[1115/051234.080:WARNING:browser_info.cc(309)] Returning a speculative frame for 25769803781 [6,5]
[1115/051234.085:WARNING:browser_info.cc(309)] Returning a speculative frame for 25769803781 [6,5]
[1115/051234.086:WARNING:browser_info.cc(309)] Returning a speculative frame for 25769803781 [6,5]
[1115/051234.089:WARNING:browser_info.cc(309)] Returning a speculative frame for 25769803781 [6,5]
[1115/051234.089:WARNING:browser_info.cc(309)] Returning a speculative frame for 25769803781 [6,5]
[1115/051620.336:WARNING:policy_logger.cc(151)] :components\enterprise\browser\controller\chrome_browser_cloud_management_controller.cc(88) Could not create policy manager as CBCM is not enabled.
[1115/051622.657:INFO:CONSOLE(0)] "Access to XMLHttpRequest at 'file:///C:/Users/terry/source/repos/Baby/WebPages/menu.html' from origin 'null' has been blocked by CORS policy: Cross origin requests are only supported for protocol schemes: http, baby, data, chrome-extension, chrome, https, chrome-untrusted.", source: file:///C:/Users/terry/source/repos/Baby/WebPages/index.html (0)
[1115/051622.661:INFO:CONSOLE(0)] "Access to XMLHttpRequest at 'file:///C:/Users/terry/source/repos/Baby/WebPages/footer.html' from origin 'null' has been blocked by CORS policy: Cross origin requests are only supported for protocol schemes: http, baby, data, chrome-extension, chrome, https, chrome-untrusted.", source: file:///C:/Users/terry/source/repos/Baby/WebPages/index.html (0)
[1115/051622.794:WARNING:browser_info.cc(309)] Returning a speculative frame for 25769803781 [6,5]
[1115/051622.796:WARNING:browser_info.cc(309)] Returning a speculative frame for 25769803781 [6,5]
[1115/051622.796:WARNING:browser_info.cc(309)] Returning a speculative frame for 25769803781 [6,5]
[1115/051622.796:WARNING:browser_info.cc(309)] Returning a speculative frame for 25769803781 [6,5]
[1115/051622.948:WARNING:browser_info.cc(309)] Returning a speculative frame for 25769803781 [6,5]
[1115/051636.691:WARNING:frame_impl.cc(420)] SendProcessMessage sent to detached frame 25769803781 [6,5] will be ignored
[1115/052415.935:WARNING:policy_logger.cc(151)] :components\enterprise\browser\controller\chrome_browser_cloud_management_controller.cc(88) Could not create policy manager as CBCM is not enabled.
[1115/052418.388:INFO:CONSOLE(0)] "Access to XMLHttpRequest at 'file:///C:/Users/terry/source/repos/Baby/WebPages/menu.html' from origin 'null' has been blocked by CORS policy: Cross origin requests are only supported for protocol schemes: http, baby, data, chrome-extension, chrome, https, chrome-untrusted.", source: file:///C:/Users/terry/source/repos/Baby/WebPages/index.html (0)
[1115/052418.389:INFO:CONSOLE(0)] "Access to XMLHttpRequest at 'file:///C:/Users/terry/source/repos/Baby/WebPages/footer.html' from origin 'null' has been blocked by CORS policy: Cross origin requests are only supported for protocol schemes: http, baby, data, chrome-extension, chrome, https, chrome-untrusted.", source: file:///C:/Users/terry/source/repos/Baby/WebPages/index.html (0)
[1115/052418.953:WARNING:browser_info.cc(309)] Returning a speculative frame for 25769803781 [6,5]
[1115/052418.969:WARNING:browser_info.cc(309)] Returning a speculative frame for 25769803781 [6,5]
[1115/052418.974:WARNING:browser_info.cc(309)] Returning a speculative frame for 25769803781 [6,5]
[1115/052418.975:WARNING:browser_info.cc(309)] Returning a speculative frame for 25769803781 [6,5]
[1115/052419.527:WARNING:browser_info.cc(309)] Returning a speculative frame for 25769803781 [6,5]
[1115/052712.347:WARNING:policy_logger.cc(151)] :components\enterprise\browser\controller\chrome_browser_cloud_management_controller.cc(88) Could not create policy manager as CBCM is not enabled.
[1115/052714.833:INFO:CONSOLE(0)] "Access to XMLHttpRequest at 'file:///C:/Users/terry/source/repos/Baby/WebPages/menu.html' from origin 'null' has been blocked by CORS policy: Cross origin requests are only supported for protocol schemes: http, baby, data, chrome-extension, chrome, https, chrome-untrusted.", source: file:///C:/Users/terry/source/repos/Baby/WebPages/index.html (0)
[1115/052714.868:INFO:CONSOLE(0)] "Access to XMLHttpRequest at 'file:///C:/Users/terry/source/repos/Baby/WebPages/footer.html' from origin 'null' has been blocked by CORS policy: Cross origin requests are only supported for protocol schemes: http, baby, data, chrome-extension, chrome, https, chrome-untrusted.", source: file:///C:/Users/terry/source/repos/Baby/WebPages/index.html (0)
[1115/052715.232:WARNING:browser_info.cc(309)] Returning a speculative frame for 25769803781 [6,5]
[1115/052715.266:WARNING:browser_info.cc(309)] Returning a speculative frame for 25769803781 [6,5]
[1115/052715.285:WARNING:browser_info.cc(309)] Returning a speculative frame for 25769803781 [6,5]
[1115/052715.326:WARNING:browser_info.cc(309)] Returning a speculative frame for 25769803781 [6,5]
[1115/052715.935:WARNING:browser_info.cc(309)] Returning a speculative frame for 25769803781 [6,5]
[1115/064034.402:WARNING:policy_logger.cc(151)] :components\enterprise\browser\controller\chrome_browser_cloud_management_controller.cc(88) Could not create policy manager as CBCM is not enabled.
[1115/064037.151:INFO:CONSOLE(0)] "Access to XMLHttpRequest at 'file:///C:/Users/terry/source/repos/Baby/WebPages/menu.html' from origin 'null' has been blocked by CORS policy: Cross origin requests are only supported for protocol schemes: http, baby, data, chrome-extension, chrome, https, chrome-untrusted.", source: file:///C:/Users/terry/source/repos/Baby/WebPages/index.html (0)
[1115/064037.155:INFO:CONSOLE(0)] "Access to XMLHttpRequest at 'file:///C:/Users/terry/source/repos/Baby/WebPages/footer.html' from origin 'null' has been blocked by CORS policy: Cross origin requests are only supported for protocol schemes: http, baby, data, chrome-extension, chrome, https, chrome-untrusted.", source: file:///C:/Users/terry/source/repos/Baby/WebPages/index.html (0)
[1115/064037.328:WARNING:browser_info.cc(309)] Returning a speculative frame for 25769803781 [6,5]
[1115/064037.339:WARNING:browser_info.cc(309)] Returning a speculative frame for 25769803781 [6,5]
[1115/064037.339:WARNING:browser_info.cc(309)] Returning a speculative frame for 25769803781 [6,5]
[1115/064037.339:WARNING:browser_info.cc(309)] Returning a speculative frame for 25769803781 [6,5]
[1115/064037.758:WARNING:browser_info.cc(309)] Returning a speculative frame for 25769803781 [6,5]
[1115/064638.619:WARNING:policy_logger.cc(151)] :components\enterprise\browser\controller\chrome_browser_cloud_management_controller.cc(88) Could not create policy manager as CBCM is not enabled.
[1115/064641.092:INFO:CONSOLE(0)] "Access to XMLHttpRequest at 'file:///C:/Users/terry/source/repos/Baby/WebPages/menu.html' from origin 'null' has been blocked by CORS policy: Cross origin requests are only supported for protocol schemes: http, baby, data, chrome-extension, chrome, https, chrome-untrusted.", source: file:///C:/Users/terry/source/repos/Baby/WebPages/index.html (0)
[1115/064641.097:INFO:CONSOLE(0)] "Access to XMLHttpRequest at 'file:///C:/Users/terry/source/repos/Baby/WebPages/footer.html' from origin 'null' has been blocked by CORS policy: Cross origin requests are only supported for protocol schemes: http, baby, data, chrome-extension, chrome, https, chrome-untrusted.", source: file:///C:/Users/terry/source/repos/Baby/WebPages/index.html (0)
[1115/064641.329:WARNING:browser_info.cc(309)] Returning a speculative frame for 25769803781 [6,5]
[1115/064641.330:WARNING:browser_info.cc(309)] Returning a speculative frame for 25769803781 [6,5]
[1115/064641.331:WARNING:browser_info.cc(309)] Returning a speculative frame for 25769803781 [6,5]
[1115/064641.344:WARNING:browser_info.cc(309)] Returning a speculative frame for 25769803781 [6,5]
[1115/064641.608:WARNING:browser_info.cc(309)] Returning a speculative frame for 25769803781 [6,5]
[1115/064716.114:WARNING:browser_info.cc(309)] Returning a speculative frame for 25769803787 [6,11]
[1115/064716.213:INFO:CONSOLE(0)] "Access to XMLHttpRequest at 'file:///C:/Users/terry/source/repos/Baby/WebPages/menu.html' from origin 'null' has been blocked by CORS policy: Cross origin requests are only supported for protocol schemes: http, baby, data, chrome-extension, chrome, https, chrome-untrusted.", source: file:///C:/Users/terry/source/repos/Baby/WebPages/index.html (0)
[1115/064716.214:INFO:CONSOLE(0)] "Access to XMLHttpRequest at 'file:///C:/Users/terry/source/repos/Baby/WebPages/footer.html' from origin 'null' has been blocked by CORS policy: Cross origin requests are only supported for protocol schemes: http, baby, data, chrome-extension, chrome, https, chrome-untrusted.", source: file:///C:/Users/terry/source/repos/Baby/WebPages/index.html (0)
[1115/064716.522:WARNING:browser_info.cc(309)] Returning a speculative frame for 25769803787 [6,11]
[1115/064716.522:WARNING:browser_info.cc(309)] Returning a speculative frame for 25769803787 [6,11]
[1115/064716.522:WARNING:browser_info.cc(309)] Returning a speculative frame for 25769803787 [6,11]
[1115/064716.523:WARNING:browser_info.cc(309)] Returning a speculative frame for 25769803787 [6,11]
